{
  "stats": {
    "suites": 4,
    "tests": 19,
    "passes": 11,
    "pending": 0,
    "failures": 8,
    "start": "2022-11-10T21:28:39.092Z",
    "end": "2022-11-10T21:28:39.283Z",
    "duration": 191,
    "testsRegistered": 19,
    "passPercent": 57.89473684210527,
    "pendingPercent": 0,
    "other": 0,
    "hasOther": false,
    "skipped": 0,
    "hasSkipped": false
  },
  "results": [
    {
      "uuid": "ac91b14b-2081-4d11-a504-2bdc9452ac6f",
      "title": "",
      "fullFile": "",
      "file": "",
      "beforeHooks": [],
      "afterHooks": [],
      "tests": [],
      "suites": [
        {
          "uuid": "8d88d60f-ab7d-4d26-bc7b-5e46ccae19c1",
          "title": "api",
          "fullFile": "/home/ivan/test123/bdd_api_tests/features/basic.feature",
          "file": "/features/basic.feature",
          "beforeHooks": [
            {
              "title": "\"before all\" hook: codeceptjs.beforeSuite in \"api\"",
              "fullTitle": "api \"before all\" hook: codeceptjs.beforeSuite in \"api\"",
              "timedOut": false,
              "duration": 2,
              "state": null,
              "speed": null,
              "pass": false,
              "fail": false,
              "pending": false,
              "context": null,
              "code": "scenario.suiteSetup(suite)",
              "err": {},
              "uuid": "5e834685-1d9c-4830-90a7-82662fcfa34a",
              "parentUUID": "8d88d60f-ab7d-4d26-bc7b-5e46ccae19c1",
              "isHook": true,
              "skipped": false
            },
            {
              "title": "\"before each\" hook: codeceptjs.before in \"api\"",
              "fullTitle": "api \"before each\" hook: codeceptjs.before in \"api\"",
              "timedOut": false,
              "duration": 0,
              "state": null,
              "speed": null,
              "pass": false,
              "fail": false,
              "pending": false,
              "context": null,
              "code": "scenario.setup(suite)",
              "err": {},
              "uuid": "a99ba5e1-3a9d-4d09-b4fe-578e7bdd12c8",
              "parentUUID": "8d88d60f-ab7d-4d26-bc7b-5e46ccae19c1",
              "isHook": true,
              "skipped": false
            }
          ],
          "afterHooks": [
            {
              "title": "\"after all\" hook: codeceptjs.afterSuite in \"api\"",
              "fullTitle": "api \"after all\" hook: codeceptjs.afterSuite in \"api\"",
              "timedOut": false,
              "duration": 1,
              "state": null,
              "speed": null,
              "pass": false,
              "fail": false,
              "pending": false,
              "context": null,
              "code": "scenario.suiteTeardown(suite)",
              "err": {},
              "uuid": "e9e9e3f4-201c-4cce-8bdb-bc857c3c8e77",
              "parentUUID": "8d88d60f-ab7d-4d26-bc7b-5e46ccae19c1",
              "isHook": true,
              "skipped": false
            },
            {
              "title": "\"after each\" hook: codeceptjs.after in \"api\"",
              "fullTitle": "api \"after each\" hook: codeceptjs.after in \"api\"",
              "timedOut": false,
              "duration": 0,
              "state": null,
              "speed": null,
              "pass": false,
              "fail": false,
              "pending": false,
              "context": null,
              "code": "scenario.teardown(suite)",
              "err": {},
              "uuid": "3dc76565-3d6b-4688-a59a-fce7ff059168",
              "parentUUID": "8d88d60f-ab7d-4d26-bc7b-5e46ccae19c1",
              "isHook": true,
              "skipped": false
            }
          ],
          "tests": [
            {
              "title": "send post api call",
              "fullTitle": "api send post api call",
              "timedOut": false,
              "duration": 32,
              "state": "passed",
              "speed": "fast",
              "pass": true,
              "fail": false,
              "pending": false,
              "context": null,
              "code": "runSteps(child.steps)",
              "err": {},
              "uuid": "176d24e8-82dc-42d8-9a8d-be7633569fbd",
              "parentUUID": "8d88d60f-ab7d-4d26-bc7b-5e46ccae19c1",
              "isHook": false,
              "skipped": false
            },
            {
              "title": "send get api call",
              "fullTitle": "api send get api call",
              "timedOut": false,
              "duration": 6,
              "state": "passed",
              "speed": "fast",
              "pass": true,
              "fail": false,
              "pending": false,
              "context": null,
              "code": "runSteps(child.steps)",
              "err": {},
              "uuid": "52e81b19-f6b0-4e8b-a65e-0ae03cef0dce",
              "parentUUID": "8d88d60f-ab7d-4d26-bc7b-5e46ccae19c1",
              "isHook": false,
              "skipped": false
            }
          ],
          "suites": [],
          "passes": [
            "176d24e8-82dc-42d8-9a8d-be7633569fbd",
            "52e81b19-f6b0-4e8b-a65e-0ae03cef0dce"
          ],
          "failures": [],
          "pending": [],
          "skipped": [],
          "duration": 38,
          "root": false,
          "rootEmpty": false,
          "_timeout": 0
        },
        {
          "uuid": "293b2e29-41ab-4e1f-b856-a4261858c54d",
          "title": "validate api calls",
          "fullFile": "/home/ivan/test123/bdd_api_tests/specs/api.specs.js",
          "file": "/specs/api.specs.js",
          "beforeHooks": [
            {
              "title": "\"before all\" hook: codeceptjs.beforeSuite in \"validate api calls\"",
              "fullTitle": "validate api calls \"before all\" hook: codeceptjs.beforeSuite in \"validate api calls\"",
              "timedOut": false,
              "duration": 0,
              "state": null,
              "speed": null,
              "pass": false,
              "fail": false,
              "pending": false,
              "context": null,
              "code": "scenario.suiteSetup(suite)",
              "err": {},
              "uuid": "f003fc41-7f19-497e-be98-de4e665d4c92",
              "parentUUID": "293b2e29-41ab-4e1f-b856-a4261858c54d",
              "isHook": true,
              "skipped": false
            },
            {
              "title": "\"before each\" hook: codeceptjs.before in \"validate api calls\"",
              "fullTitle": "validate api calls \"before each\" hook: codeceptjs.before in \"validate api calls\"",
              "timedOut": false,
              "duration": 0,
              "state": null,
              "speed": null,
              "pass": false,
              "fail": false,
              "pending": false,
              "context": null,
              "code": "scenario.setup(suite)",
              "err": {},
              "uuid": "aa802ac9-128f-41f9-a510-34d044847d5f",
              "parentUUID": "293b2e29-41ab-4e1f-b856-a4261858c54d",
              "isHook": true,
              "skipped": false
            }
          ],
          "afterHooks": [],
          "tests": [
            {
              "title": "I make API POST request to validate Response",
              "fullTitle": "validate api calls: I make API POST request to validate Response",
              "timedOut": false,
              "duration": 31,
              "state": "passed",
              "speed": "fast",
              "pass": true,
              "fail": false,
              "pending": false,
              "context": null,
              "code": "I }) => {\n    I.sendPostRequest(url, { \"roomSize\": [5, 5], \"coords\": [0, 0], \"patches\": [], \"instructions\": \"EEEEE\" })\n    I.seeResponseCodeIsSuccessful();\n    I.seeResponseContainsKeys(['coords', 'patches']);\n    I.seeResponseMatchesJsonSchema(validResponseSchema);",
              "err": {},
              "uuid": "15406f57-e970-4b42-bf1d-072d8f38623e",
              "parentUUID": "293b2e29-41ab-4e1f-b856-a4261858c54d",
              "isHook": false,
              "skipped": false
            },
            {
              "title": "I make API GET request to ensure it is not supported",
              "fullTitle": "validate api calls: I make API GET request to ensure it is not supported",
              "timedOut": false,
              "duration": 5,
              "state": "passed",
              "speed": "fast",
              "pass": true,
              "fail": false,
              "pending": false,
              "context": null,
              "code": "I }) => {\n    I.sendGetRequest(url)\n    I.seeResponseCodeIsClientError();",
              "err": {},
              "uuid": "27a09bfa-7da5-4e96-94a3-5c5543cd0ee5",
              "parentUUID": "293b2e29-41ab-4e1f-b856-a4261858c54d",
              "isHook": false,
              "skipped": false
            },
            {
              "title": "I make API PUT request to ensure it is not supported",
              "fullTitle": "validate api calls: I make API PUT request to ensure it is not supported",
              "timedOut": false,
              "duration": 6,
              "state": "passed",
              "speed": "fast",
              "pass": true,
              "fail": false,
              "pending": false,
              "context": null,
              "code": "I }) => {\n    I.sendPutRequest(url, { \"roomSize\": [5, 5], \"coords\": [0, 0], \"patches\": [], \"instructions\": \"EEEEE\" })\n    I.seeResponseCodeIsClientError();",
              "err": {},
              "uuid": "6436a913-5160-46ae-a820-2087b0f3e8fa",
              "parentUUID": "293b2e29-41ab-4e1f-b856-a4261858c54d",
              "isHook": false,
              "skipped": false
            },
            {
              "title": "I make API DELETE request to ensure it is not supported",
              "fullTitle": "validate api calls: I make API DELETE request to ensure it is not supported",
              "timedOut": false,
              "duration": 6,
              "state": "passed",
              "speed": "fast",
              "pass": true,
              "fail": false,
              "pending": false,
              "context": null,
              "code": "I }) => {\n    I.sendDeleteRequest(url, { \"roomSize\": [5, 5], \"coords\": [0, 0], \"patches\": [], \"instructions\": \"EEEEE\" })\n    I.seeResponseCodeIsClientError();",
              "err": {},
              "uuid": "dd6933df-a873-4c69-81a6-802d5565a285",
              "parentUUID": "293b2e29-41ab-4e1f-b856-a4261858c54d",
              "isHook": false,
              "skipped": false
            }
          ],
          "suites": [],
          "passes": [
            "15406f57-e970-4b42-bf1d-072d8f38623e",
            "27a09bfa-7da5-4e96-94a3-5c5543cd0ee5",
            "6436a913-5160-46ae-a820-2087b0f3e8fa",
            "dd6933df-a873-4c69-81a6-802d5565a285"
          ],
          "failures": [],
          "pending": [],
          "skipped": [],
          "duration": 48,
          "root": false,
          "rootEmpty": false,
          "_timeout": 0
        },
        {
          "uuid": "407719f5-7230-4ef5-a4f4-118d22117df3",
          "title": "Tesing movement function",
          "fullFile": "/home/ivan/test123/bdd_api_tests/specs/api.specs.js",
          "file": "/specs/api.specs.js",
          "beforeHooks": [
            {
              "title": "\"before all\" hook: codeceptjs.beforeSuite in \"Tesing movement function\"",
              "fullTitle": "Tesing movement function \"before all\" hook: codeceptjs.beforeSuite in \"Tesing movement function\"",
              "timedOut": false,
              "duration": 0,
              "state": null,
              "speed": null,
              "pass": false,
              "fail": false,
              "pending": false,
              "context": null,
              "code": "scenario.suiteSetup(suite)",
              "err": {},
              "uuid": "ae116b36-db40-4d0f-a4bb-be810824509b",
              "parentUUID": "407719f5-7230-4ef5-a4f4-118d22117df3",
              "isHook": true,
              "skipped": false
            },
            {
              "title": "\"before each\" hook: codeceptjs.before in \"Tesing movement function\"",
              "fullTitle": "Tesing movement function \"before each\" hook: codeceptjs.before in \"Tesing movement function\"",
              "timedOut": false,
              "duration": 0,
              "state": null,
              "speed": null,
              "pass": false,
              "fail": false,
              "pending": false,
              "context": null,
              "code": "scenario.setup(suite)",
              "err": {},
              "uuid": "6265429f-1cb4-4bf5-ab26-86f7d77344c8",
              "parentUUID": "407719f5-7230-4ef5-a4f4-118d22117df3",
              "isHook": true,
              "skipped": false
            }
          ],
          "afterHooks": [],
          "tests": [
            {
              "title": "Move hover from bootom left corner to bottom right without patches",
              "fullTitle": "Tesing movement function: Move hover from bootom left corner to bottom right without patches",
              "timedOut": false,
              "duration": 11,
              "state": "failed",
              "speed": null,
              "pass": false,
              "fail": true,
              "pending": false,
              "context": null,
              "code": "I }) => {\n    I.sendPostRequest(url, { \"roomSize\": [5, 5], \"coords\": [0, 0], \"patches\": [], \"instructions\": \"EEEEE\" })\n    I.seeResponseCodeIsSuccessful();\n    I.seeResponseContainsJson({ coords: [0, 4], patches: 0 })",
              "err": {
                "message": "AssertionError: expected { coords: [ 4, +0 ], patches: 4 } to deeply match { coords: [ +0, 4 ], patches: +0 }",
                "estack": "AssertionError: expected { coords: [ 4, +0 ], patches: 4 } to deeply match { coords: [ +0, 4 ], patches: +0 }\n    at JSONResponse.seeResponseContainsJson (node_modules/codeceptjs/lib/helper/JSONResponse.js:199:42)\n    at Step.run (node_modules/codeceptjs/lib/step.js:122:47)\n    at /home/ivan/test123/bdd_api_tests/node_modules/codeceptjs/lib/actor.js:134:23\n    at processTicksAndRejections (internal/process/task_queues.js:97:5)",
                "diff": " {\n   \"coords\": [\n+     0\n     4\n-     0\n   ]\n-   \"patches\": 4\n+   \"patches\": 0\n }\n"
              },
              "uuid": "82477a34-0d57-45cc-84e3-e6c5d29b9aff",
              "parentUUID": "407719f5-7230-4ef5-a4f4-118d22117df3",
              "isHook": false,
              "skipped": false
            },
            {
              "title": "Move hover from top right corner to bootom left corner without patches",
              "fullTitle": "Tesing movement function: Move hover from top right corner to bootom left corner without patches",
              "timedOut": false,
              "duration": 6,
              "state": "passed",
              "speed": "fast",
              "pass": true,
              "fail": false,
              "pending": false,
              "context": null,
              "code": "I }) => {\n    I.sendPostRequest(url, { \"roomSize\": [5, 5], \"coords\": [4, 4], \"patches\": [], \"instructions\": \"WSWWSSWS\" })\n    I.seeResponseCodeIsSuccessful();\n    I.seeResponseContainsJson({ coords: [0, 0], patches: 0 })",
              "err": {},
              "uuid": "a20333ca-0637-4283-83d6-5c686bc9b922",
              "parentUUID": "407719f5-7230-4ef5-a4f4-118d22117df3",
              "isHook": false,
              "skipped": false
            },
            {
              "title": "Move hover around the perimeter of the room",
              "fullTitle": "Tesing movement function: Move hover around the perimeter of the room",
              "timedOut": false,
              "duration": 7,
              "state": "failed",
              "speed": null,
              "pass": false,
              "fail": true,
              "pending": false,
              "context": null,
              "code": "I }) => {\n    I.sendPostRequest(url, { \"roomSize\": [5, 5], \"coords\": [0, 0], \"patches\": [], \"instructions\": \"NNNNEEEESSSSWWWW\" })\n    I.seeResponseCodeIsSuccessful();\n    I.seeResponseContainsJson({ coords: [0, 0], patches: 0 })",
              "err": {
                "message": "AssertionError: expected { coords: [ +0, +0 ], patches: 4 } to deeply match { coords: [ +0, +0 ], patches: +0 }",
                "estack": "AssertionError: expected { coords: [ +0, +0 ], patches: 4 } to deeply match { coords: [ +0, +0 ], patches: +0 }\n    at JSONResponse.seeResponseContainsJson (node_modules/codeceptjs/lib/helper/JSONResponse.js:199:42)\n    at Step.run (node_modules/codeceptjs/lib/step.js:122:47)\n    at /home/ivan/test123/bdd_api_tests/node_modules/codeceptjs/lib/actor.js:134:23\n    at processTicksAndRejections (internal/process/task_queues.js:97:5)",
                "diff": "   \"coords\": [\n     0\n     0\n   ]\n-   \"patches\": 4\n+   \"patches\": 0\n }\n"
              },
              "uuid": "81f3c34e-e40a-4b42-ad21-a24d83e2871e",
              "parentUUID": "407719f5-7230-4ef5-a4f4-118d22117df3",
              "isHook": false,
              "skipped": false
            },
            {
              "title": "Move hover outside the room",
              "fullTitle": "Tesing movement function: Move hover outside the room",
              "timedOut": false,
              "duration": 5,
              "state": "passed",
              "speed": "fast",
              "pass": true,
              "fail": false,
              "pending": false,
              "context": null,
              "code": "I }) => {\n    I.sendPostRequest(url, { \"roomSize\": [5, 5], \"coords\": [0, 0], \"patches\": [], \"instructions\": \"NNNNNNNN\" })\n    I.seeResponseCodeIsSuccessful();\n    I.seeResponseContainsJson({ coords: [4, 0], patches: 0 })",
              "err": {},
              "uuid": "938ba2aa-a5c3-42df-b7e1-c8ab8829c192",
              "parentUUID": "407719f5-7230-4ef5-a4f4-118d22117df3",
              "isHook": false,
              "skipped": false
            },
            {
              "title": "Set initial coordinates of the hover outside the room",
              "fullTitle": "Tesing movement function: Set initial coordinates of the hover outside the room",
              "timedOut": false,
              "duration": 5,
              "state": "failed",
              "speed": null,
              "pass": false,
              "fail": true,
              "pending": false,
              "context": null,
              "code": "I }) => {\n    I.sendPostRequest(url, { \"roomSize\": [5, 5], \"coords\": [6, 7], \"patches\": [], \"instructions\": \"EEEEE\" })\n    I.seeResponseCodeIsClientError();",
              "err": {
                "message": "AssertionError: expected 200 to be at least 400",
                "estack": "AssertionError: expected 200 to be at least 400\n    at JSONResponse.seeResponseCodeIsClientError (node_modules/codeceptjs/lib/helper/JSONResponse.js:133:40)\n    at Step.run (node_modules/codeceptjs/lib/step.js:122:47)\n    at /home/ivan/test123/bdd_api_tests/node_modules/codeceptjs/lib/actor.js:134:23\n    at processTicksAndRejections (internal/process/task_queues.js:97:5)",
                "diff": "- 200\n+ 400\n"
              },
              "uuid": "41ebc92c-5bfc-4a51-98f8-e318f1ffd47d",
              "parentUUID": "407719f5-7230-4ef5-a4f4-118d22117df3",
              "isHook": false,
              "skipped": false
            },
            {
              "title": "Set initial coordinates of the hover with negative numbers",
              "fullTitle": "Tesing movement function: Set initial coordinates of the hover with negative numbers",
              "timedOut": false,
              "duration": 5,
              "state": "failed",
              "speed": null,
              "pass": false,
              "fail": true,
              "pending": false,
              "context": null,
              "code": "I }) => {\n    I.sendPostRequest(url, { \"roomSize\": [5, 5], \"coords\": [-5, -3], \"patches\": [], \"instructions\": \"SSSS\" })\n    I.seeResponseCodeIsClientError();",
              "err": {
                "message": "AssertionError: expected 200 to be at least 400",
                "estack": "AssertionError: expected 200 to be at least 400\n    at JSONResponse.seeResponseCodeIsClientError (node_modules/codeceptjs/lib/helper/JSONResponse.js:133:40)\n    at Step.run (node_modules/codeceptjs/lib/step.js:122:47)\n    at /home/ivan/test123/bdd_api_tests/node_modules/codeceptjs/lib/actor.js:134:23\n    at processTicksAndRejections (internal/process/task_queues.js:97:5)",
                "diff": "- 200\n+ 400\n"
              },
              "uuid": "b0cb7e9e-4ebb-4ba0-a4d2-b86f9a0a5971",
              "parentUUID": "407719f5-7230-4ef5-a4f4-118d22117df3",
              "isHook": false,
              "skipped": false
            }
          ],
          "suites": [],
          "passes": [
            "a20333ca-0637-4283-83d6-5c686bc9b922",
            "938ba2aa-a5c3-42df-b7e1-c8ab8829c192"
          ],
          "failures": [
            "82477a34-0d57-45cc-84e3-e6c5d29b9aff",
            "81f3c34e-e40a-4b42-ad21-a24d83e2871e",
            "41ebc92c-5bfc-4a51-98f8-e318f1ffd47d",
            "b0cb7e9e-4ebb-4ba0-a4d2-b86f9a0a5971"
          ],
          "pending": [],
          "skipped": [],
          "duration": 39,
          "root": false,
          "rootEmpty": false,
          "_timeout": 0
        },
        {
          "uuid": "43317467-c89d-48eb-a09c-640f47947dbb",
          "title": "Testing cleaning function",
          "fullFile": "/home/ivan/test123/bdd_api_tests/specs/api.specs.js",
          "file": "/specs/api.specs.js",
          "beforeHooks": [
            {
              "title": "\"before all\" hook: codeceptjs.beforeSuite in \"Testing cleaning function\"",
              "fullTitle": "Testing cleaning function \"before all\" hook: codeceptjs.beforeSuite in \"Testing cleaning function\"",
              "timedOut": false,
              "duration": 0,
              "state": null,
              "speed": null,
              "pass": false,
              "fail": false,
              "pending": false,
              "context": null,
              "code": "scenario.suiteSetup(suite)",
              "err": {},
              "uuid": "2fef6acf-5b27-4c56-bf67-2ada70303aba",
              "parentUUID": "43317467-c89d-48eb-a09c-640f47947dbb",
              "isHook": true,
              "skipped": false
            },
            {
              "title": "\"before each\" hook: codeceptjs.before in \"Testing cleaning function\"",
              "fullTitle": "Testing cleaning function \"before each\" hook: codeceptjs.before in \"Testing cleaning function\"",
              "timedOut": false,
              "duration": 1,
              "state": null,
              "speed": null,
              "pass": false,
              "fail": false,
              "pending": false,
              "context": null,
              "code": "scenario.setup(suite)",
              "err": {},
              "uuid": "777251cd-a736-4e52-b18f-c61a2bb28135",
              "parentUUID": "43317467-c89d-48eb-a09c-640f47947dbb",
              "isHook": true,
              "skipped": false
            }
          ],
          "afterHooks": [
            {
              "title": "\"after all\" hook: codeceptjs.afterSuite in \"Testing cleaning function\"",
              "fullTitle": "Testing cleaning function \"after all\" hook: codeceptjs.afterSuite in \"Testing cleaning function\"",
              "timedOut": false,
              "duration": 0,
              "state": null,
              "speed": null,
              "pass": false,
              "fail": false,
              "pending": false,
              "context": null,
              "code": "scenario.suiteTeardown(suite)",
              "err": {},
              "uuid": "fb4fe0e9-f20c-4128-b677-66c03391fd01",
              "parentUUID": "43317467-c89d-48eb-a09c-640f47947dbb",
              "isHook": true,
              "skipped": false
            },
            {
              "title": "\"after each\" hook: finalize codeceptjs in \"Testing cleaning function\"",
              "fullTitle": "Testing cleaning function \"after each\" hook: finalize codeceptjs in \"Testing cleaning function\"",
              "timedOut": false,
              "duration": 0,
              "state": null,
              "speed": null,
              "pass": false,
              "fail": false,
              "pending": false,
              "context": null,
              "code": "scenario.teardown(suite)",
              "err": {},
              "uuid": "54ef4356-8ad6-4eca-bafe-a12f5f5de88b",
              "parentUUID": "43317467-c89d-48eb-a09c-640f47947dbb",
              "isHook": true,
              "skipped": false
            }
          ],
          "tests": [
            {
              "title": "Move hover from bootom left corner to bottom right with 1 patch",
              "fullTitle": "Testing cleaning function: Move hover from bootom left corner to bottom right with 1 patch",
              "timedOut": false,
              "duration": 6,
              "state": "failed",
              "speed": null,
              "pass": false,
              "fail": true,
              "pending": false,
              "context": null,
              "code": "I }) => {\n    I.sendPostRequest(url, { \"roomSize\": [5, 5], \"coords\": [0, 0], \"patches\": [[1, 0]], \"instructions\": \"EEEEE\" })\n    I.seeResponseCodeIsSuccessful();\n    I.seeResponseContainsJson({ coords: [4, 0], patches: 1 })",
              "err": {
                "message": "AssertionError: expected { coords: [ 4, +0 ], patches: 4 } to deeply match { coords: [ 4, +0 ], patches: 1 }",
                "estack": "AssertionError: expected { coords: [ 4, +0 ], patches: 4 } to deeply match { coords: [ 4, +0 ], patches: 1 }\n    at JSONResponse.seeResponseContainsJson (node_modules/codeceptjs/lib/helper/JSONResponse.js:199:42)\n    at Step.run (node_modules/codeceptjs/lib/step.js:122:47)\n    at /home/ivan/test123/bdd_api_tests/node_modules/codeceptjs/lib/actor.js:134:23\n    at processTicksAndRejections (internal/process/task_queues.js:97:5)",
                "diff": "   \"coords\": [\n     4\n     0\n   ]\n-   \"patches\": 4\n+   \"patches\": 1\n }\n"
              },
              "uuid": "48d5087d-f355-46ec-ba17-1569d5130085",
              "parentUUID": "43317467-c89d-48eb-a09c-640f47947dbb",
              "isHook": false,
              "skipped": false
            },
            {
              "title": "Move hover from bootom left corner to bottom right and back with 4 patches",
              "fullTitle": "Testing cleaning function: Move hover from bootom left corner to bottom right and back with 4 patches",
              "timedOut": false,
              "duration": 6,
              "state": "failed",
              "speed": null,
              "pass": false,
              "fail": true,
              "pending": false,
              "context": null,
              "code": "I }) => {\n    I.sendPostRequest(url, { \"roomSize\": [5, 5], \"coords\": [0, 0], \"patches\": [[1, 0], [2, 0], [3, 0], [4, 0]], \"instructions\": \"EEEEWWWWW\" })\n    I.seeResponseCodeIsSuccessful();\n    I.seeResponseContainsJson({ coords: [4, 0], patches: 4 })",
              "err": {
                "message": "AssertionError: expected { coords: [ +0, +0 ], patches: 4 } to deeply match { coords: [ 4, +0 ], patches: 4 }",
                "estack": "AssertionError: expected { coords: [ +0, +0 ], patches: 4 } to deeply match { coords: [ 4, +0 ], patches: 4 }\n    at JSONResponse.seeResponseContainsJson (node_modules/codeceptjs/lib/helper/JSONResponse.js:199:42)\n    at Step.run (node_modules/codeceptjs/lib/step.js:122:47)\n    at /home/ivan/test123/bdd_api_tests/node_modules/codeceptjs/lib/actor.js:134:23\n    at processTicksAndRejections (internal/process/task_queues.js:97:5)",
                "diff": " {\n   \"coords\": [\n+     4\n     0\n-     0\n   ]\n   \"patches\": 4\n }\n"
              },
              "uuid": "e0f85ed1-bac9-448d-9009-56a5907a8f88",
              "parentUUID": "43317467-c89d-48eb-a09c-640f47947dbb",
              "isHook": false,
              "skipped": false
            },
            {
              "title": "Set initial coordinates of the patches outside the room",
              "fullTitle": "Testing cleaning function: Set initial coordinates of the patches outside the room",
              "timedOut": false,
              "duration": 5,
              "state": "failed",
              "speed": null,
              "pass": false,
              "fail": true,
              "pending": false,
              "context": null,
              "code": "I }) => {\n    I.sendPostRequest(url, { \"roomSize\": [5, 5], \"coords\": [0, 0], \"patches\": [[7, 0]], \"instructions\": \"EEEEWWWWW\" })\n    I.seeResponseCodeIsClientError();",
              "err": {
                "message": "AssertionError: expected 200 to be at least 400",
                "estack": "AssertionError: expected 200 to be at least 400\n    at JSONResponse.seeResponseCodeIsClientError (node_modules/codeceptjs/lib/helper/JSONResponse.js:133:40)\n    at Step.run (node_modules/codeceptjs/lib/step.js:122:47)\n    at /home/ivan/test123/bdd_api_tests/node_modules/codeceptjs/lib/actor.js:134:23\n    at processTicksAndRejections (internal/process/task_queues.js:97:5)",
                "diff": "- 200\n+ 400\n"
              },
              "uuid": "7280f6af-d90a-424f-ae1c-b6b492b12794",
              "parentUUID": "43317467-c89d-48eb-a09c-640f47947dbb",
              "isHook": false,
              "skipped": false
            },
            {
              "title": "Set coordinates of the patches with negative numbers",
              "fullTitle": "Testing cleaning function: Set coordinates of the patches with negative numbers",
              "timedOut": false,
              "duration": 5,
              "state": "failed",
              "speed": null,
              "pass": false,
              "fail": true,
              "pending": false,
              "context": null,
              "code": "I }) => {\n    I.sendPostRequest(url, { \"roomSize\": [5, 5], \"coords\": [0, 0], \"patches\": [[-1, 0], [2, -3]], \"instructions\": \"EEEEWWWWW\" })\n    I.seeResponseCodeIsClientError();",
              "err": {
                "message": "AssertionError: expected 200 to be at least 400",
                "estack": "AssertionError: expected 200 to be at least 400\n    at JSONResponse.seeResponseCodeIsClientError (node_modules/codeceptjs/lib/helper/JSONResponse.js:133:40)\n    at Step.run (node_modules/codeceptjs/lib/step.js:122:47)\n    at /home/ivan/test123/bdd_api_tests/node_modules/codeceptjs/lib/actor.js:134:23\n    at processTicksAndRejections (internal/process/task_queues.js:97:5)",
                "diff": "- 200\n+ 400\n"
              },
              "uuid": "3f170120-91b8-4d91-a803-7fd7884bbfd9",
              "parentUUID": "43317467-c89d-48eb-a09c-640f47947dbb",
              "isHook": false,
              "skipped": false
            },
            {
              "title": "Missing patches key - value",
              "fullTitle": "Testing cleaning function: Missing patches key - value",
              "timedOut": false,
              "duration": 6,
              "state": "passed",
              "speed": "fast",
              "pass": true,
              "fail": false,
              "pending": false,
              "context": null,
              "code": "I }) => {\n    I.sendPostRequest(url, { \"roomSize\": [5, 5], \"coords\": [0, 0], \"instructions\": \"EEEEWWWWW\" })\n    I.seeResponseCodeIsClientError();",
              "err": {},
              "uuid": "9d3130c6-946d-474b-8454-363f6bc5c4ca",
              "parentUUID": "43317467-c89d-48eb-a09c-640f47947dbb",
              "isHook": false,
              "skipped": false
            },
            {
              "title": "Set instructions with random string",
              "fullTitle": "Testing cleaning function: Set instructions with random string",
              "timedOut": false,
              "duration": 7,
              "state": "passed",
              "speed": "fast",
              "pass": true,
              "fail": false,
              "pending": false,
              "context": null,
              "code": "I }) => {\n    I.sendPostRequest(url, { \"roomSize\": [5, 5], \"coords\": [0, 0], \"instructions\": \"STRING\" })\n    I.seeResponseCodeIsClientError();",
              "err": {},
              "uuid": "f7e76add-c3a8-411a-8d82-3884da0c2a71",
              "parentUUID": "43317467-c89d-48eb-a09c-640f47947dbb",
              "isHook": false,
              "skipped": false
            },
            {
              "title": "Set instructions with SQL injection",
              "fullTitle": "Testing cleaning function: Set instructions with SQL injection",
              "timedOut": false,
              "duration": 5,
              "state": "passed",
              "speed": "fast",
              "pass": true,
              "fail": false,
              "pending": false,
              "context": null,
              "code": "I }) => {\n    I.sendPostRequest(url, { \"roomSize\": [5, 5], \"coords\": [0, 0], \"instructions\": \"select * from users; DROP TABLE users;\" })\n    I.seeResponseCodeIsClientError();",
              "err": {},
              "uuid": "b87e4a6a-c435-494d-8d8a-03271004f286",
              "parentUUID": "43317467-c89d-48eb-a09c-640f47947dbb",
              "isHook": false,
              "skipped": false
            }
          ],
          "suites": [],
          "passes": [
            "9d3130c6-946d-474b-8454-363f6bc5c4ca",
            "f7e76add-c3a8-411a-8d82-3884da0c2a71",
            "b87e4a6a-c435-494d-8d8a-03271004f286"
          ],
          "failures": [
            "48d5087d-f355-46ec-ba17-1569d5130085",
            "e0f85ed1-bac9-448d-9009-56a5907a8f88",
            "7280f6af-d90a-424f-ae1c-b6b492b12794",
            "3f170120-91b8-4d91-a803-7fd7884bbfd9"
          ],
          "pending": [],
          "skipped": [],
          "duration": 40,
          "root": false,
          "rootEmpty": false,
          "_timeout": 0
        }
      ],
      "passes": [],
      "failures": [],
      "pending": [],
      "skipped": [],
      "duration": 0,
      "root": true,
      "rootEmpty": true,
      "_timeout": 0
    }
  ],
  "meta": {
    "mocha": {
      "version": "10.1.0"
    },
    "mochawesome": {
      "options": {
        "quiet": false,
        "reportFilename": "mochawesome",
        "saveHtml": true,
        "saveJson": true,
        "consoleReporter": "spec",
        "useInlineDiffs": false,
        "code": true
      },
      "version": "7.1.3"
    },
    "marge": {
      "options": {
        "reportDir": "output"
      },
      "version": "6.2.0"
    }
  }
}